<?xml version="1.0" encoding="utf-8"?><testsuites name="pytest tests"><testsuite name="pytest" errors="0" failures="2" skipped="0" tests="9" time="8.202" timestamp="2026-07-27T03:02:24.359298+00:00" hostname="agent-env-f575c425-6c09-459a-b52c-df3a94c4f5b2"><testcase classname="tests.backend_test.TestImage" name="test_generate_image" time="0.438"><failure message="AssertionError: {&quot;detail&quot;:&quot;Failed to generate multimodal completion: litellm.NotFoundError: NotFoundError: OpenAIException - litellm.NotFoundError: GeminiException - {\n  \&quot;error\&quot;: {\n    \&quot;code\&quot;: 404,\n    \&quot;message\&quot;: \&quot;models/gemini-2.5-flash-image-preview is not found for API version v1beta, or is not supported for generateContent. Call ModelService.ListModels to see the list of available models and their supported methods.\&quot;,\n    \&quot;status\&quot;: \&quot;NOT_FOUND\&quot;\n  }\n}\n. Received Model Group=gemini/gemini-2.5-flash-image-preview\nAvailable Model Group Fallbacks=None&quot;}&#10;assert 500 == 200&#10; +  where 500 = &lt;Response [500]&gt;.status_code">backend/tests/backend_test.py:76: in test_generate_image
    assert r.status_code == 200, r.text
E   AssertionError: {"detail":"Failed to generate multimodal completion: litellm.NotFoundError: NotFoundError: OpenAIException - litellm.NotFoundError: GeminiException - {\n  \"error\": {\n    \"code\": 404,\n    \"message\": \"models/gemini-2.5-flash-image-preview is not found for API version v1beta, or is not supported for generateContent. Call ModelService.ListModels to see the list of available models and their supported methods.\",\n    \"status\": \"NOT_FOUND\"\n  }\n}\n. Received Model Group=gemini/gemini-2.5-flash-image-preview\nAvailable Model Group Fallbacks=None"}
E   assert 500 == 200
E    +  where 500 = &lt;Response [500]&gt;.status_code</failure></testcase><testcase classname="tests.backend_test.TestChat" name="test_chat_assistant" time="2.715" /><testcase classname="tests.backend_test.TestImage" name="test_edit_image" time="0.150"><failure message="AssertionError: {&quot;detail&quot;:&quot;Failed to generate multimodal completion: litellm.NotFoundError: NotFoundError: OpenAIException - litellm.NotFoundError: GeminiException - {\n  \&quot;error\&quot;: {\n    \&quot;code\&quot;: 404,\n    \&quot;message\&quot;: \&quot;models/gemini-2.5-flash-image-preview is not found for API version v1beta, or is not supported for generateContent. Call ModelService.ListModels to see the list of available models and their supported methods.\&quot;,\n    \&quot;status\&quot;: \&quot;NOT_FOUND\&quot;\n  }\n}\n. Received Model Group=gemini/gemini-2.5-flash-image-preview\nAvailable Model Group Fallbacks=None&quot;}&#10;assert 500 == 200&#10; +  where 500 = &lt;Response [500]&gt;.status_code">backend/tests/backend_test.py:89: in test_edit_image
    assert r.status_code == 200, r.text
E   AssertionError: {"detail":"Failed to generate multimodal completion: litellm.NotFoundError: NotFoundError: OpenAIException - litellm.NotFoundError: GeminiException - {\n  \"error\": {\n    \"code\": 404,\n    \"message\": \"models/gemini-2.5-flash-image-preview is not found for API version v1beta, or is not supported for generateContent. Call ModelService.ListModels to see the list of available models and their supported methods.\",\n    \"status\": \"NOT_FOUND\"\n  }\n}\n. Received Model Group=gemini/gemini-2.5-flash-image-preview\nAvailable Model Group Fallbacks=None"}
E   assert 500 == 200
E    +  where 500 = &lt;Response [500]&gt;.status_code</failure></testcase><testcase classname="tests.backend_test.TestVideo" name="test_video_kickoff_and_status" time="2.165" /><testcase classname="tests.backend_test.TestChat" name="test_chat_photo_edit_with_image" time="4.532" /><testcase classname="tests.backend_test.TestVideo" name="test_video_job_not_found" time="0.047" /><testcase classname="tests.backend_test.TestRoot" name="test_root" time="0.047" /><testcase classname="tests.backend_test.TestProjects" name="test_create_list_get_update_delete" time="0.361" /><testcase classname="tests.backend_test.TestProjects" name="test_get_nonexistent_project" time="0.045" /></testsuite></testsuites>